TN:
SF:server/app.js
FNF:0
FNH:0
DA:1,4
DA:2,4
DA:3,4
DA:4,4
DA:5,4
DA:6,4
DA:8,4
DA:11,4
DA:12,4
DA:15,4
DA:16,4
DA:17,4
DA:20,4
DA:22,4
LF:14
LH:14
BRF:0
BRH:0
end_of_record
TN:
SF:server/controllers/articleController.js
FN:3,(anonymous_0)
FN:25,(anonymous_1)
FN:36,(anonymous_2)
FNF:3
FNH:3
FNDA:4,(anonymous_0)
FNDA:4,(anonymous_1)
FNDA:5,(anonymous_2)
DA:1,4
DA:3,4
DA:4,4
DA:5,4
DA:6,4
DA:9,4
DA:10,4
DA:11,1
DA:14,3
DA:15,2
DA:20,1
DA:21,1
DA:25,4
DA:26,4
DA:27,4
DA:28,4
DA:29,3
DA:31,1
DA:32,1
DA:36,4
DA:37,5
DA:38,5
DA:39,5
DA:41,5
DA:42,1
DA:45,4
DA:46,3
DA:47,1
DA:50,2
DA:52,1
DA:53,1
DA:57,4
LF:32
LH:32
BRDA:10,0,0,1
BRDA:10,0,1,3
BRDA:41,1,0,1
BRDA:41,1,1,4
BRDA:46,2,0,1
BRDA:46,2,1,2
BRF:6
BRH:6
end_of_record
TN:
SF:server/controllers/authController.js
FN:5,(anonymous_0)
FN:39,(anonymous_1)
FNF:2
FNH:2
FNDA:5,(anonymous_0)
FNDA:6,(anonymous_1)
DA:1,4
DA:2,4
DA:3,4
DA:5,4
DA:6,5
DA:7,5
DA:10,5
DA:11,4
DA:12,2
DA:16,2
DA:19,2
DA:22,2
DA:28,2
DA:34,1
DA:35,1
DA:39,4
DA:40,6
DA:41,6
DA:44,6
DA:45,5
DA:46,1
DA:50,4
DA:51,4
DA:52,2
DA:56,2
DA:62,2
DA:68,1
DA:69,1
DA:73,4
LF:29
LH:29
BRDA:11,0,0,2
BRDA:11,0,1,2
BRDA:45,1,0,1
BRDA:45,1,1,4
BRDA:51,2,0,2
BRDA:51,2,1,2
BRF:6
BRH:6
end_of_record
TN:
SF:server/middleware/authMiddleware.js
FN:11,(anonymous_0)
FN:26,(anonymous_1)
FNF:2
FNH:2
FNDA:4,(anonymous_0)
FNDA:25,(anonymous_1)
DA:1,5
DA:2,5
DA:3,5
DA:4,5
DA:5,5
DA:6,5
DA:9,5
DA:12,4
DA:13,4
DA:14,3
DA:16,2
DA:17,2
DA:19,1
DA:21,1
DA:26,5
DA:27,25
DA:28,25
DA:29,25
DA:30,5
DA:33,20
DA:34,20
DA:35,1
DA:38,19
DA:39,19
DA:40,15
DA:42,15
DA:43,1
DA:46,14
DA:47,14
DA:49,4
DA:50,2
DA:52,2
DA:53,1
DA:55,1
DA:58,1
DA:59,1
DA:63,5
LF:37
LH:37
BRDA:14,0,0,1
BRDA:14,0,1,2
BRDA:17,1,0,1
BRDA:17,1,1,1
BRDA:29,2,0,5
BRDA:29,2,1,20
BRDA:34,3,0,1
BRDA:34,3,1,19
BRDA:34,4,0,20
BRDA:34,4,1,19
BRDA:42,5,0,1
BRDA:42,5,1,14
BRDA:49,6,0,2
BRDA:49,6,1,2
BRDA:52,7,0,1
BRDA:52,7,1,1
BRF:16
BRH:16
end_of_record
TN:
SF:server/middleware/errorMiddleware.js
FN:1,(anonymous_0)
FNF:1
FNH:1
FNDA:6,(anonymous_0)
DA:1,5
DA:2,6
DA:5,6
DA:6,1
DA:12,5
DA:13,1
DA:20,4
DA:21,1
DA:27,3
DA:28,1
DA:35,2
DA:41,5
LF:12
LH:12
BRDA:5,0,0,1
BRDA:5,0,1,5
BRDA:12,1,0,1
BRDA:12,1,1,4
BRDA:20,2,0,1
BRDA:20,2,1,3
BRDA:27,3,0,1
BRDA:27,3,1,2
BRDA:37,4,0,1
BRDA:37,4,1,1
BRF:10
BRH:10
end_of_record
TN:
SF:server/middleware/validationMiddleware.js
FN:3,(anonymous_0)
FNF:1
FNH:1
FNDA:23,(anonymous_0)
DA:1,5
DA:3,5
DA:4,23
DA:5,23
DA:6,5
DA:8,18
DA:11,5
DA:24,5
DA:35,5
DA:51,5
LF:10
LH:10
BRDA:5,0,0,5
BRDA:5,0,1,18
BRF:2
BRH:2
end_of_record
TN:
SF:server/models/articleModel.js
FN:4,(anonymous_0)
FN:12,(anonymous_1)
FN:20,(anonymous_2)
FN:28,(anonymous_3)
FNF:4
FNH:4
FNDA:2,(anonymous_0)
FNDA:3,(anonymous_1)
FNDA:3,(anonymous_2)
FNDA:4,(anonymous_3)
DA:1,5
DA:3,5
DA:5,2
DA:9,2
DA:13,3
DA:17,3
DA:21,3
DA:25,3
DA:29,4
DA:33,4
DA:37,5
LF:11
LH:11
BRDA:25,0,0,3
BRDA:25,0,1,1
BRDA:33,1,0,4
BRDA:33,1,1,2
BRF:4
BRH:4
end_of_record
TN:
SF:server/models/db.js
FN:3,(anonymous_0)
FNF:1
FNH:1
FNDA:11,(anonymous_0)
DA:1,11
DA:3,11
DA:4,11
DA:5,9
DA:7,2
DA:10,11
DA:15,11
LF:7
LH:7
BRDA:4,0,0,9
BRDA:4,0,1,2
BRDA:5,1,0,9
BRDA:5,1,1,1
BRDA:12,2,0,1
BRDA:12,2,1,10
BRF:6
BRH:6
end_of_record
TN:
SF:server/models/userModel.js
FN:4,(anonymous_0)
FN:12,(anonymous_1)
FN:20,(anonymous_2)
FNF:3
FNH:3
FNDA:6,(anonymous_0)
FNDA:2,(anonymous_1)
FNDA:7,(anonymous_2)
DA:1,6
DA:3,6
DA:5,6
DA:9,6
DA:13,2
DA:17,2
DA:21,7
DA:25,7
DA:29,6
LF:9
LH:9
BRDA:9,0,0,6
BRDA:9,0,1,2
BRDA:25,1,0,7
BRDA:25,1,1,1
BRF:4
BRH:4
end_of_record
TN:
SF:server/routes/articleRoutes.js
FNF:0
FNH:0
DA:1,4
DA:2,4
DA:3,4
DA:4,4
DA:6,4
DA:8,4
DA:10,4
DA:11,4
DA:12,4
DA:14,4
LF:10
LH:10
BRF:0
BRH:0
end_of_record
TN:
SF:server/routes/authRoutes.js
FNF:0
FNH:0
DA:1,4
DA:2,4
DA:3,4
DA:5,4
DA:7,4
DA:8,4
DA:10,4
LF:7
LH:7
BRF:0
BRH:0
end_of_record
TN:
SF:server/routes/healthRoutes.js
FN:5,(anonymous_0)
FNF:1
FNH:1
FNDA:3,(anonymous_0)
DA:1,4
DA:2,4
DA:3,4
DA:5,4
DA:6,3
DA:8,3
DA:10,2
DA:17,1
DA:26,4
LF:9
LH:9
BRF:0
BRH:0
end_of_record
